Total tangle-sim experiments: 66
Estimated sim-time total: 1650s
[  1/66] A_alpha_sweep    n=5 algo=mcmc α=0.001 λ=2.0 h=0.2 topo=full_mesh seed=42 → txs=174 L̄=4.38 conv=0.99 wall=25.7s
[  2/66] A_alpha_sweep    n=5 algo=mcmc α=0.001 λ=2.0 h=0.2 topo=full_mesh seed=101 → txs=174 L̄=4.79 conv=0.99 wall=25.7s
[  3/66] A_alpha_sweep    n=5 algo=mcmc α=0.01 λ=2.0 h=0.2 topo=full_mesh seed=42 → txs=174 L̄=4.03 conv=0.99 wall=25.7s
[  4/66] A_alpha_sweep    n=5 algo=mcmc α=0.01 λ=2.0 h=0.2 topo=full_mesh seed=101 → txs=174 L̄=3.95 conv=0.99 wall=25.7s
[  5/66] A_alpha_sweep    n=5 algo=mcmc α=0.1 λ=2.0 h=0.2 topo=full_mesh seed=42 → txs=174 L̄=5.55 conv=0.99 wall=25.8s
[  6/66] A_alpha_sweep    n=5 algo=mcmc α=0.1 λ=2.0 h=0.2 topo=full_mesh seed=101 → txs=174 L̄=4.43 conv=0.99 wall=25.7s
[  7/66] A_alpha_sweep    n=5 algo=mcmc α=0.5 λ=2.0 h=0.2 topo=full_mesh seed=42 → txs=174 L̄=13.06 conv=0.99 wall=25.7s
[  8/66] A_alpha_sweep    n=5 algo=mcmc α=0.5 λ=2.0 h=0.2 topo=full_mesh seed=101 → txs=174 L̄=11.92 conv=0.99 wall=25.7s
[  9/66] A_alpha_sweep    n=5 algo=mcmc α=1 λ=2.0 h=0.2 topo=full_mesh seed=42 → txs=174 L̄=14.90 conv=0.99 wall=25.7s
[ 10/66] A_alpha_sweep    n=5 algo=mcmc α=1 λ=2.0 h=0.2 topo=full_mesh seed=101 → txs=174 L̄=18.62 conv=0.99 wall=25.8s
[ 11/66] A_alpha_sweep    n=5 algo=mcmc α=2 λ=2.0 h=0.2 topo=full_mesh seed=42 → txs=174 L̄=30.15 conv=0.99 wall=25.7s
[ 12/66] A_alpha_sweep    n=5 algo=mcmc α=2 λ=2.0 h=0.2 topo=full_mesh seed=101 → txs=174 L̄=34.05 conv=0.99 wall=25.7s
[ 13/66] A_alpha_sweep    n=5 algo=mcmc α=5 λ=2.0 h=0.2 topo=full_mesh seed=42 → txs=146 L̄=36.39 conv=1.00 wall=25.0s
[ 14/66] A_alpha_sweep    n=5 algo=mcmc α=5 λ=2.0 h=0.2 topo=full_mesh seed=101 → txs=146 L̄=35.64 conv=1.00 wall=25.0s
[ 15/66] B_algorithm      n=5 algo=random α=0.01 λ=2.0 h=0.2 topo=full_mesh seed=42 → txs=174 L̄=3.86 conv=0.99 wall=25.7s
[ 16/66] B_algorithm      n=5 algo=random α=0.01 λ=2.0 h=0.2 topo=full_mesh seed=101 → txs=174 L̄=3.53 conv=0.99 wall=25.7s
[ 17/66] B_algorithm      n=5 algo=mcmc α=0.001 λ=2.0 h=0.2 topo=full_mesh seed=42 → txs=174 L̄=3.98 conv=0.99 wall=25.7s
[ 18/66] B_algorithm      n=5 algo=mcmc α=0.001 λ=2.0 h=0.2 topo=full_mesh seed=101 → txs=174 L̄=3.79 conv=0.99 wall=25.7s
[ 19/66] B_algorithm      n=5 algo=mcmc α=1 λ=2.0 h=0.2 topo=full_mesh seed=42 → txs=174 L̄=21.90 conv=0.99 wall=25.8s
[ 20/66] B_algorithm      n=5 algo=mcmc α=1 λ=2.0 h=0.2 topo=full_mesh seed=101 → txs=174 L̄=15.18 conv=0.99 wall=25.7s
[ 21/66] B_algorithm      n=5 algo=hybrid α=0.01 λ=2.0 h=0.2 topo=full_mesh seed=42 → txs=174 L̄=5.05 conv=0.99 wall=25.7s
[ 22/66] B_algorithm      n=5 algo=hybrid α=0.01 λ=2.0 h=0.2 topo=full_mesh seed=101 → txs=174 L̄=3.84 conv=0.99 wall=25.7s
[ 23/66] C_lambda         n=5 algo=hybrid α=0.01 λ=0.5 h=0.2 topo=full_mesh seed=42 → txs=51 L̄=1.29 conv=0.96 wall=30.4s
[ 24/66] C_lambda         n=5 algo=hybrid α=0.01 λ=0.5 h=0.2 topo=full_mesh seed=101 → txs=51 L̄=1.75 conv=0.96 wall=30.4s
[ 25/66] C_lambda         n=5 algo=hybrid α=0.01 λ=1.0 h=0.2 topo=full_mesh seed=42 → txs=105 L̄=3.51 conv=0.99 wall=26.3s
[ 26/66] C_lambda         n=5 algo=hybrid α=0.01 λ=1.0 h=0.2 topo=full_mesh seed=101 → txs=105 L̄=3.43 conv=1.00 wall=26.3s
[ 27/66] C_lambda         n=5 algo=hybrid α=0.01 λ=2.0 h=0.2 topo=full_mesh seed=42 → txs=174 L̄=4.87 conv=0.99 wall=25.7s
[ 28/66] C_lambda         n=5 algo=hybrid α=0.01 λ=2.0 h=0.2 topo=full_mesh seed=101 → txs=174 L̄=4.08 conv=0.99 wall=25.7s
[ 29/66] C_lambda         n=5 algo=hybrid α=0.01 λ=5.0 h=0.2 topo=full_mesh seed=42 → txs=309 L̄=7.78 conv=0.99 wall=25.5s
[ 30/66] C_lambda         n=5 algo=hybrid α=0.01 λ=5.0 h=0.2 topo=full_mesh seed=101 → txs=309 L̄=7.38 conv=0.99 wall=25.5s
[ 31/66] C_lambda         n=5 algo=hybrid α=0.01 λ=10.0 h=0.2 topo=full_mesh seed=42 → txs=411 L̄=8.38 conv=0.99 wall=25.1s
[ 32/66] C_lambda         n=5 algo=hybrid α=0.01 λ=10.0 h=0.2 topo=full_mesh seed=101 → txs=411 L̄=8.47 conv=0.99 wall=25.1s
[ 33/66] D_pow_h          n=5 algo=hybrid α=0.01 λ=2.0 h=0.1 topo=full_mesh seed=42 → txs=206 L̄=4.74 conv=0.75 wall=25.3s
[ 34/66] D_pow_h          n=5 algo=hybrid α=0.01 λ=2.0 h=0.1 topo=full_mesh seed=101 → txs=206 L̄=3.36 conv=0.99 wall=25.3s
[ 35/66] D_pow_h          n=5 algo=hybrid α=0.01 λ=2.0 h=0.3 topo=full_mesh seed=42 → txs=152 L̄=5.40 conv=1.00 wall=26.7s
[ 36/66] D_pow_h          n=5 algo=hybrid α=0.01 λ=2.0 h=0.3 topo=full_mesh seed=101 → txs=152 L̄=4.16 conv=1.00 wall=26.7s
[ 37/66] D_pow_h          n=5 algo=hybrid α=0.01 λ=2.0 h=0.6 topo=full_mesh seed=42 → txs=116 L̄=5.65 conv=0.97 wall=25.3s
[ 38/66] D_pow_h          n=5 algo=hybrid α=0.01 λ=2.0 h=0.6 topo=full_mesh seed=101 → txs=116 L̄=5.95 conv=0.97 wall=25.3s
[ 39/66] D_pow_h          n=5 algo=hybrid α=0.01 λ=2.0 h=1.0 topo=full_mesh seed=42 → txs=86 L̄=6.55 conv=0.94 wall=26.0s
[ 40/66] D_pow_h          n=5 algo=hybrid α=0.01 λ=2.0 h=1.0 topo=full_mesh seed=101 → txs=86 L̄=8.62 conv=0.93 wall=26.0s
[ 41/66] E_scale          n=3 algo=hybrid α=0.01 λ=2.0 h=0.2 topo=full_mesh seed=42 → txs=100 L̄=2.89 conv=1.00 wall=25.7s
[ 42/66] E_scale          n=3 algo=hybrid α=0.01 λ=2.0 h=0.2 topo=full_mesh seed=101 → txs=100 L̄=3.05 conv=0.99 wall=25.7s
[ 43/66] E_scale          n=5 algo=hybrid α=0.01 λ=2.0 h=0.2 topo=full_mesh seed=42 → txs=174 L̄=4.16 conv=0.99 wall=25.7s
[ 44/66] E_scale          n=5 algo=hybrid α=0.01 λ=2.0 h=0.2 topo=full_mesh seed=101 → txs=174 L̄=3.97 conv=0.99 wall=25.7s
[ 45/66] E_scale          n=8 algo=hybrid α=0.01 λ=2.0 h=0.2 topo=full_mesh seed=42 → txs=276 L̄=8.06 conv=0.99 wall=26.8s
[ 46/66] E_scale          n=8 algo=hybrid α=0.01 λ=2.0 h=0.2 topo=full_mesh seed=101 → txs=276 L̄=9.31 conv=0.99 wall=26.8s
[ 47/66] E_scale          n=12 algo=hybrid α=0.01 λ=2.0 h=0.2 topo=full_mesh seed=42 → txs=415 L̄=11.52 conv=0.99 wall=27.4s
[ 48/66] E_scale          n=12 algo=hybrid α=0.01 λ=2.0 h=0.2 topo=full_mesh seed=101 → txs=415 L̄=10.30 conv=0.99 wall=27.4s
[ 49/66] F_topology       n=8 algo=hybrid α=0.01 λ=2.0 h=0.2 topo=full_mesh seed=42 → txs=276 L̄=5.74 conv=0.99 wall=26.8s
[ 50/66] F_topology       n=8 algo=hybrid α=0.01 λ=2.0 h=0.2 topo=full_mesh seed=101 → txs=276 L̄=7.95 conv=0.99 wall=26.8s
[ 51/66] F_topology       n=8 algo=hybrid α=0.01 λ=2.0 h=0.2 topo=ring seed=42 → txs=276 L̄=9.81 conv=0.97 wall=26.8s
[ 52/66] F_topology       n=8 algo=hybrid α=0.01 λ=2.0 h=0.2 topo=ring seed=101 → txs=276 L̄=8.82 conv=0.97 wall=26.8s
[ 53/66] F_topology       n=8 algo=hybrid α=0.01 λ=2.0 h=0.2 topo=small_world seed=42 → txs=276 L̄=9.12 conv=0.97 wall=26.8s
[ 54/66] F_topology       n=8 algo=hybrid α=0.01 λ=2.0 h=0.2 topo=small_world seed=101 → txs=276 L̄=8.16 conv=0.99 wall=26.8s
[ 55/66] F_topology       n=8 algo=hybrid α=0.01 λ=2.0 h=0.2 topo=random_k seed=42 → txs=276 L̄=6.29 conv=0.98 wall=26.8s
[ 56/66] F_topology       n=8 algo=hybrid α=0.01 λ=2.0 h=0.2 topo=random_k seed=101 → txs=276 L̄=8.19 conv=0.99 wall=26.8s
[ 57/66] F_topology       n=8 algo=hybrid α=0.01 λ=2.0 h=0.2 topo=star seed=42 → txs=276 L̄=9.26 conv=0.97 wall=26.8s
[ 58/66] F_topology       n=8 algo=hybrid α=0.01 λ=2.0 h=0.2 topo=star seed=101 → txs=276 L̄=7.88 conv=0.96 wall=26.8s
[ 59/66] G_latency        n=5 algo=hybrid α=0.01 λ=2.0 h=0.2 topo=full_mesh seed=42 → txs=174 L̄=3.50 conv=0.99 wall=25.7s
[ 60/66] G_latency        n=5 algo=hybrid α=0.01 λ=2.0 h=0.2 topo=full_mesh seed=101 → txs=174 L̄=3.41 conv=0.99 wall=25.7s
[ 61/66] G_latency        n=5 algo=hybrid α=0.01 λ=2.0 h=0.2 topo=full_mesh seed=42 → txs=174 L̄=4.61 conv=0.99 wall=25.7s
[ 62/66] G_latency        n=5 algo=hybrid α=0.01 λ=2.0 h=0.2 topo=full_mesh seed=101 → txs=174 L̄=5.74 conv=0.99 wall=25.7s
[ 63/66] G_latency        n=5 algo=hybrid α=0.01 λ=2.0 h=0.2 topo=full_mesh seed=42 → txs=174 L̄=6.29 conv=0.92 wall=25.7s
[ 64/66] G_latency        n=5 algo=hybrid α=0.01 λ=2.0 h=0.2 topo=full_mesh seed=101 → txs=174 L̄=5.58 conv=0.97 wall=25.7s
[ 65/66] G_latency        n=5 algo=hybrid α=0.01 λ=2.0 h=0.2 topo=full_mesh seed=42 → txs=174 L̄=6.72 conv=0.38 wall=25.7s
[ 66/66] G_latency        n=5 algo=hybrid α=0.01 λ=2.0 h=0.2 topo=full_mesh seed=101 → txs=174 L̄=6.62 conv=0.41 wall=25.7s

Total wall time: 28.8 minutes
Results saved to /sessions/keen-serene-darwin/mnt/TipSelection/experiments/results/sim_results.json
